Started GET "/expiration" for 127.0.0.1 at 2023-09-24 12:43:59 +0530
Processing by CertificatesController#expiration as */*
Completed 500 Internal Server Error in 5ms (ActiveRecord: 0.0ms | Allocations: 3289)


  
Errno::ENOENT (No such file or directory @ rb_sysopen - ../../server.pem):
  
app/controllers/certificates_controller.rb:3:in `read'
app/controllers/certificates_controller.rb:3:in `expiration'
Started GET "/expiration" for 127.0.0.1 at 2023-09-24 12:44:02 +0530
Processing by CertificatesController#expiration as */*
Completed 500 Internal Server Error in 0ms (ActiveRecord: 0.0ms | Allocations: 100)


  
Errno::ENOENT (No such file or directory @ rb_sysopen - ../../server.pem):
  
app/controllers/certificates_controller.rb:3:in `read'
app/controllers/certificates_controller.rb:3:in `expiration'
Started GET "/expiration" for 127.0.0.1 at 2023-09-24 12:45:57 +0530
Processing by CertificatesController#expiration as */*
Completed 500 Internal Server Error in 0ms (ActiveRecord: 0.0ms | Allocations: 142)


  
Errno::ENOENT (No such file or directory @ rb_sysopen - /../../server.pem):
  
app/controllers/certificates_controller.rb:3:in `read'
app/controllers/certificates_controller.rb:3:in `expiration'
Started GET "/expiration" for 127.0.0.1 at 2023-09-24 13:00:31 +0530
Processing by CertificatesController#expiration as */*
Completed 500 Internal Server Error in 2ms (ActiveRecord: 0.0ms | Allocations: 2192)


  
Errno::ENOENT (No such file or directory @ rb_sysopen - ../../server.pem):
  
app/controllers/certificates_controller.rb:3:in `read'
app/controllers/certificates_controller.rb:3:in `expiration'
Started GET "/expiration" for 127.0.0.1 at 2023-09-24 13:01:06 +0530
Processing by CertificatesController#expiration as */*
Completed 500 Internal Server Error in 2ms (ActiveRecord: 0.0ms | Allocations: 2192)


  
Errno::ENOENT (No such file or directory @ rb_sysopen - ../../server.pem):
  
app/controllers/certificates_controller.rb:3:in `read'
app/controllers/certificates_controller.rb:3:in `expiration'
Started GET "/expiration" for 127.0.0.1 at 2023-09-24 13:02:01 +0530
Processing by CertificatesController#expiration as */*
Completed 500 Internal Server Error in 2ms (ActiveRecord: 0.0ms | Allocations: 2192)


  
Errno::ENOENT (No such file or directory @ rb_sysopen - ../../../server.pem):
  
app/controllers/certificates_controller.rb:3:in `read'
app/controllers/certificates_controller.rb:3:in `expiration'
Started GET "/expiration" for 127.0.0.1 at 2023-09-24 13:03:53 +0530
Processing by CertificatesController#expiration as */*
Completed 500 Internal Server Error in 2ms (ActiveRecord: 0.0ms | Allocations: 2233)


  
Errno::ENOENT (No such file or directory @ rb_sysopen - /Users/rhythmbagde/Desktop/demo/cert_server/app/controllers/server.pem):
  
app/controllers/certificates_controller.rb:3:in `read'
app/controllers/certificates_controller.rb:3:in `expiration'
Started GET "/expiration" for 127.0.0.1 at 2023-09-24 13:04:34 +0530
Processing by CertificatesController#expiration as */*
Completed 500 Internal Server Error in 2ms (ActiveRecord: 0.0ms | Allocations: 2241)


  
Errno::ENOENT (No such file or directory @ rb_sysopen - /Users/rhythmbagde/Desktop/server.pem):
  
app/controllers/certificates_controller.rb:3:in `read'
app/controllers/certificates_controller.rb:3:in `expiration'
Started GET "/expiration" for 127.0.0.1 at 2023-09-24 13:07:36 +0530
Processing by CertificatesController#expiration as */*
Completed 500 Internal Server Error in 6ms (ActiveRecord: 0.0ms | Allocations: 2664)


  
Errno::ENOENT (No such file or directory @ rb_sysopen - /Users/rhythmbagde/server.pem):
  
app/controllers/certificates_controller.rb:3:in `read'
app/controllers/certificates_controller.rb:3:in `expiration'
Started GET "/expiration" for 127.0.0.1 at 2023-09-24 13:08:43 +0530
Processing by CertificatesController#expiration as */*
Completed 200 OK in 2ms (Views: 0.1ms | ActiveRecord: 0.0ms | Allocations: 2361)


Started GET "/expiration" for 127.0.0.1 at 2023-09-24 13:11:54 +0530
Processing by CertificatesController#expiration as */*
Completed 200 OK in 2ms (Views: 0.1ms | ActiveRecord: 0.0ms | Allocations: 2361)


Started GET "/expiration" for 127.0.0.1 at 2023-09-24 13:50:41 +0530
Processing by CertificatesController#expiration as */*
Completed 200 OK in 2ms (Views: 0.1ms | ActiveRecord: 0.0ms | Allocations: 2361)


Started GET "/expiration" for 127.0.0.1 at 2023-09-24 13:53:43 +0530
Processing by CertificatesController#expiration as */*
Completed 200 OK in 2ms (Views: 0.1ms | ActiveRecord: 0.0ms | Allocations: 2361)


Started GET "/expiration" for 127.0.0.1 at 2023-09-24 14:29:10 +0530
Processing by CertificatesController#expiration as */*
Completed 500 Internal Server Error in 2ms (ActiveRecord: 0.0ms | Allocations: 2191)


  
Errno::ENOENT (No such file or directory @ rb_sysopen - /Users/rhythmbagde/Desktop/demo/server.pem):
  
app/controllers/certificates_controller.rb:3:in `read'
app/controllers/certificates_controller.rb:3:in `expiration'
Started GET "/expiration" for 127.0.0.1 at 2023-09-24 14:29:42 +0530
Processing by CertificatesController#expiration as */*
Completed 500 Internal Server Error in 2ms (ActiveRecord: 0.0ms | Allocations: 2192)


  
Errno::ENOENT (No such file or directory @ rb_sysopen - /Users/rhythmbagde/Desktop/demo/server.pem):
  
app/controllers/certificates_controller.rb:3:in `read'
app/controllers/certificates_controller.rb:3:in `expiration'
Started GET "/expiration" for 127.0.0.1 at 2023-09-24 14:32:21 +0530
Processing by CertificatesController#expiration as */*
Completed 200 OK in 2ms (Views: 0.1ms | ActiveRecord: 0.0ms | Allocations: 2366)


Started GET "/expiration" for 127.0.0.1 at 2023-09-24 14:34:20 +0530
Processing by CertificatesController#expiration as */*
Completed 200 OK in 2ms (Views: 0.1ms | ActiveRecord: 0.0ms | Allocations: 2366)


Started GET "/expiration" for 127.0.0.1 at 2023-09-24 15:05:00 +0530
Processing by CertificatesController#expiration as */*
Completed 200 OK in 2ms (Views: 0.1ms | ActiveRecord: 0.0ms | Allocations: 2365)


Started GET "/expiration" for 127.0.0.1 at 2023-09-24 15:15:54 +0530
Processing by CertificatesController#expiration as */*
Completed 200 OK in 2ms (Views: 0.2ms | ActiveRecord: 0.0ms | Allocations: 2365)


Started GET "/expiration" for 127.0.0.1 at 2023-09-24 19:18:08 +0530
Processing by CertificatesController#expiration as */*
Completed 200 OK in 2ms (Views: 0.1ms | ActiveRecord: 0.0ms | Allocations: 2365)


Started GET "/expiration" for 127.0.0.1 at 2023-09-24 19:18:58 +0530
Processing by CertificatesController#expiration as */*
Completed 200 OK in 2ms (Views: 0.1ms | ActiveRecord: 0.0ms | Allocations: 2365)


Started GET "/expiration" for 127.0.0.1 at 2023-09-24 19:27:53 +0530
Processing by CertificatesController#expiration as */*
Completed 200 OK in 2ms (Views: 0.1ms | ActiveRecord: 0.0ms | Allocations: 2365)


Started GET "/expiration" for 127.0.0.1 at 2023-09-24 22:47:13 +0530
Processing by CertificatesController#expiration as */*
Completed 200 OK in 2ms (Views: 0.1ms | ActiveRecord: 0.0ms | Allocations: 2365)


Started GET "/expiration" for 127.0.0.1 at 2023-09-24 22:47:49 +0530
Processing by CertificatesController#expiration as */*
Completed 200 OK in 0ms (Views: 0.1ms | ActiveRecord: 0.0ms | Allocations: 179)


Started GET "/expiration" for 127.0.0.1 at 2023-09-24 23:02:40 +0530
Processing by CertificatesController#expiration as */*
Completed 200 OK in 2ms (Views: 0.1ms | ActiveRecord: 0.0ms | Allocations: 2365)


Started GET "/expiration" for 127.0.0.1 at 2023-09-24 23:03:24 +0530
Processing by CertificatesController#expiration as */*
Completed 200 OK in 1ms (Views: 0.4ms | ActiveRecord: 0.0ms | Allocations: 105)


Started GET "/expiration" for 127.0.0.1 at 2023-09-24 23:09:57 +0530
Processing by CertificatesController#expiration as */*
Completed 500 Internal Server Error in 2ms (ActiveRecord: 0.0ms | Allocations: 2196)


  
Errno::ENOENT (No such file or directory @ rb_sysopen - /Users/rhythmbagde/Desktop/ssl_certificate_generator/app/service/certificates/server.pem):
  
app/controllers/certificates_controller.rb:4:in `read'
app/controllers/certificates_controller.rb:4:in `expiration'
Started GET "/expiration" for 127.0.0.1 at 2023-09-24 23:10:21 +0530
Processing by CertificatesController#expiration as */*
Completed 200 OK in 2ms (Views: 0.1ms | ActiveRecord: 0.0ms | Allocations: 2366)


Started GET "/expiration" for 127.0.0.1 at 2023-09-24 23:19:23 +0530
Processing by CertificatesController#expiration as */*
Completed 200 OK in 2ms (Views: 0.1ms | ActiveRecord: 0.0ms | Allocations: 2365)


Started GET "/expiration" for 127.0.0.1 at 2023-09-24 23:21:44 +0530
Processing by CertificatesController#expiration as */*
Completed 200 OK in 2ms (Views: 0.1ms | ActiveRecord: 0.0ms | Allocations: 2365)


Started GET "/expiration" for 127.0.0.1 at 2023-09-24 23:22:37 +0530
Processing by CertificatesController#expiration as */*
Completed 200 OK in 0ms (Views: 0.1ms | ActiveRecord: 0.0ms | Allocations: 105)


Started GET "/expiration" for 127.0.0.1 at 2023-09-24 23:23:41 +0530
Processing by CertificatesController#expiration as */*
Completed 200 OK in 2ms (Views: 0.1ms | ActiveRecord: 0.0ms | Allocations: 2365)


Started GET "/expiration" for 127.0.0.1 at 2023-09-24 23:26:14 +0530
Processing by CertificatesController#expiration as */*
Completed 200 OK in 0ms (Views: 0.1ms | ActiveRecord: 0.0ms | Allocations: 105)


Started GET "/expiration" for 127.0.0.1 at 2023-09-24 23:27:31 +0530
Processing by CertificatesController#expiration as */*
Completed 200 OK in 0ms (Views: 0.1ms | ActiveRecord: 0.0ms | Allocations: 104)


Started GET "/expiration" for 127.0.0.1 at 2023-09-24 23:27:33 +0530
Processing by CertificatesController#expiration as */*
Completed 200 OK in 0ms (Views: 0.1ms | ActiveRecord: 0.0ms | Allocations: 104)


Started GET "/expiration" for 127.0.0.1 at 2023-09-24 23:32:41 +0530
Processing by CertificatesController#expiration as */*
Completed 200 OK in 2ms (Views: 0.1ms | ActiveRecord: 0.0ms | Allocations: 2365)


Started GET "/expiration" for 127.0.0.1 at 2023-09-24 23:35:38 +0530
Processing by CertificatesController#expiration as */*
Completed 200 OK in 1ms (Views: 0.2ms | ActiveRecord: 0.0ms | Allocations: 105)


Started GET "/expiration" for 127.0.0.1 at 2023-09-24 23:54:21 +0530
Processing by CertificatesController#expiration as */*
Completed 200 OK in 2ms (Views: 0.1ms | ActiveRecord: 0.0ms | Allocations: 2365)


Started GET "/expiration" for 127.0.0.1 at 2023-09-24 23:54:24 +0530
Processing by CertificatesController#expiration as */*
Completed 200 OK in 0ms (Views: 0.1ms | ActiveRecord: 0.0ms | Allocations: 105)


Started GET "/expiration" for 127.0.0.1 at 2023-09-24 23:54:25 +0530
Processing by CertificatesController#expiration as */*
Completed 200 OK in 0ms (Views: 0.1ms | ActiveRecord: 0.0ms | Allocations: 104)


Started GET "/expiration" for 127.0.0.1 at 2023-09-24 23:54:48 +0530
Processing by CertificatesController#expiration as */*
Completed 200 OK in 0ms (Views: 0.1ms | ActiveRecord: 0.0ms | Allocations: 104)


Started GET "/expiration" for 127.0.0.1 at 2023-09-24 23:54:56 +0530
Processing by CertificatesController#expiration as */*
Completed 200 OK in 2ms (Views: 0.1ms | ActiveRecord: 0.0ms | Allocations: 2365)


Started GET "/expiration" for 127.0.0.1 at 2023-09-24 23:55:10 +0530
Processing by CertificatesController#expiration as */*
Completed 200 OK in 2ms (Views: 0.1ms | ActiveRecord: 0.0ms | Allocations: 2365)


Started GET "/expiration" for 127.0.0.1 at 2023-09-24 23:55:53 +0530
Processing by CertificatesController#expiration as */*
Completed 200 OK in 0ms (Views: 0.1ms | ActiveRecord: 0.0ms | Allocations: 105)


Started GET "/expiration" for 127.0.0.1 at 2023-09-24 23:56:40 +0530
Processing by CertificatesController#expiration as */*
Completed 200 OK in 0ms (Views: 0.1ms | ActiveRecord: 0.0ms | Allocations: 104)


Started GET "/expiration" for 127.0.0.1 at 2023-09-24 23:57:21 +0530
Processing by CertificatesController#expiration as */*
Completed 200 OK in 0ms (Views: 0.1ms | ActiveRecord: 0.0ms | Allocations: 104)


Started GET "/expiration" for 127.0.0.1 at 2023-09-24 23:58:58 +0530
Processing by CertificatesController#expiration as */*
Completed 200 OK in 0ms (Views: 0.2ms | ActiveRecord: 0.0ms | Allocations: 104)


Started GET "/expiration" for 127.0.0.1 at 2023-09-24 23:59:19 +0530
Processing by CertificatesController#expiration as */*
Completed 200 OK in 2ms (Views: 0.1ms | ActiveRecord: 0.0ms | Allocations: 2365)


Started GET "/expiration" for 127.0.0.1 at 2023-09-25 00:00:13 +0530
Processing by CertificatesController#expiration as */*
Completed 200 OK in 2ms (Views: 0.1ms | ActiveRecord: 0.0ms | Allocations: 2365)


